<?xml version="1.0" encoding="UTF-8"?>
<!-- Generated by org.testng.reporters.JUnitReportReporter -->
<testsuite hostname="BAH5Q3C9J3" failures="0" tests="1" name="Basic.HelloWorld" time="0.005" errors="0" timestamp="2023-04-07T14:26:50 EDT" skipped="0">
  <testcase classname="Basic.HelloWorld" name="main" time="0.005"/>
  <system-out/>
</testsuite> <!-- Basic.HelloWorld -->
